<?xml version="1.0" encoding="UTF-8"?>
<Site BuildName="(empty)"
	BuildStamp="20240626-0829-Experimental"
	Name="baklawa"
	Generator="ctest-3.26.4"
	CompilerName="/usr/bin/c++"
	CompilerVersion="9.4.0"
	OSName="Linux"
	Hostname="baklawa"
	OSRelease="5.15.0-107-generic"
	OSVersion="#117~20.04.1-Ubuntu SMP Tue Apr 30 10:35:57 UTC 2024"
	OSPlatform="x86_64"
	Is64Bits="1"
	VendorString="GenuineIntel"
	VendorID="Intel Corporation"
	FamilyID="6"
	ModelID="142"
	ProcessorCacheSize="8192"
	NumberOfLogicalCPU="8"
	NumberOfPhysicalCPU="4"
	TotalVirtualMemory="24033"
	TotalPhysicalMemory="31940"
	LogicalProcessorsPerPhysical="2"
	ProcessorClockFrequency="2175.24"
	>
	<Testing>
		<StartDateTime>Jun 26 13:59 IST</StartDateTime>
		<StartTestTime>1719390573</StartTestTime>
		<TestList/>
		<EndDateTime>Jun 26 13:59 IST</EndDateTime>
		<EndTestTime>1719390573</EndTestTime>
		<ElapsedMinutes>0</ElapsedMinutes>
	</Testing>
</Site>
